CRITICAL - 2021-03-03 06:27:02 --> syntax error, unexpected token "return"
#0 /Users/zerapie/Documents/GitHub/projet-codeigniter/system/Router/Router.php(170): CodeIgniter\Router\Router->autoRoute('login/connectio...')
#1 /Users/zerapie/Documents/GitHub/projet-codeigniter/system/CodeIgniter.php(816): CodeIgniter\Router\Router->handle('login/connectio...')
#2 /Users/zerapie/Documents/GitHub/projet-codeigniter/system/CodeIgniter.php(385): CodeIgniter\CodeIgniter->tryToRouteIt(Object(CodeIgniter\Router\RouteCollection))
#3 /Users/zerapie/Documents/GitHub/projet-codeigniter/system/CodeIgniter.php(333): CodeIgniter\CodeIgniter->handleRequest(NULL, Object(Config\Cache), false)
#4 /Users/zerapie/Documents/GitHub/projet-codeigniter/public/index.php(44): CodeIgniter\CodeIgniter->run()
#5 {main}
CRITICAL - 2021-03-03 06:27:14 --> syntax error, unexpected token "return"
#0 /Users/zerapie/Documents/GitHub/projet-codeigniter/system/Router/Router.php(170): CodeIgniter\Router\Router->autoRoute('login/connectio...')
#1 /Users/zerapie/Documents/GitHub/projet-codeigniter/system/CodeIgniter.php(816): CodeIgniter\Router\Router->handle('login/connectio...')
#2 /Users/zerapie/Documents/GitHub/projet-codeigniter/system/CodeIgniter.php(385): CodeIgniter\CodeIgniter->tryToRouteIt(Object(CodeIgniter\Router\RouteCollection))
#3 /Users/zerapie/Documents/GitHub/projet-codeigniter/system/CodeIgniter.php(333): CodeIgniter\CodeIgniter->handleRequest(NULL, Object(Config\Cache), false)
#4 /Users/zerapie/Documents/GitHub/projet-codeigniter/public/index.php(44): CodeIgniter\CodeIgniter->run()
#5 {main}
CRITICAL - 2021-03-03 06:27:15 --> syntax error, unexpected token "return"
#0 /Users/zerapie/Documents/GitHub/projet-codeigniter/system/Router/Router.php(170): CodeIgniter\Router\Router->autoRoute('login')
#1 /Users/zerapie/Documents/GitHub/projet-codeigniter/system/CodeIgniter.php(816): CodeIgniter\Router\Router->handle('login')
#2 /Users/zerapie/Documents/GitHub/projet-codeigniter/system/CodeIgniter.php(385): CodeIgniter\CodeIgniter->tryToRouteIt(Object(CodeIgniter\Router\RouteCollection))
#3 /Users/zerapie/Documents/GitHub/projet-codeigniter/system/CodeIgniter.php(333): CodeIgniter\CodeIgniter->handleRequest(NULL, Object(Config\Cache), false)
#4 /Users/zerapie/Documents/GitHub/projet-codeigniter/public/index.php(44): CodeIgniter\CodeIgniter->run()
#5 {main}
CRITICAL - 2021-03-03 06:38:27 --> syntax error, unexpected token "}"
#0 /Users/zerapie/Documents/GitHub/projet-codeigniter/system/Router/Router.php(170): CodeIgniter\Router\Router->autoRoute('login')
#1 /Users/zerapie/Documents/GitHub/projet-codeigniter/system/CodeIgniter.php(816): CodeIgniter\Router\Router->handle('login')
#2 /Users/zerapie/Documents/GitHub/projet-codeigniter/system/CodeIgniter.php(385): CodeIgniter\CodeIgniter->tryToRouteIt(Object(CodeIgniter\Router\RouteCollection))
#3 /Users/zerapie/Documents/GitHub/projet-codeigniter/system/CodeIgniter.php(333): CodeIgniter\CodeIgniter->handleRequest(NULL, Object(Config\Cache), false)
#4 /Users/zerapie/Documents/GitHub/projet-codeigniter/public/index.php(44): CodeIgniter\CodeIgniter->run()
#5 {main}
CRITICAL - 2021-03-03 06:40:04 --> syntax error, unexpected token "}"
#0 /Users/zerapie/Documents/GitHub/projet-codeigniter/system/Router/Router.php(170): CodeIgniter\Router\Router->autoRoute('login')
#1 /Users/zerapie/Documents/GitHub/projet-codeigniter/system/CodeIgniter.php(816): CodeIgniter\Router\Router->handle('login')
#2 /Users/zerapie/Documents/GitHub/projet-codeigniter/system/CodeIgniter.php(385): CodeIgniter\CodeIgniter->tryToRouteIt(Object(CodeIgniter\Router\RouteCollection))
#3 /Users/zerapie/Documents/GitHub/projet-codeigniter/system/CodeIgniter.php(333): CodeIgniter\CodeIgniter->handleRequest(NULL, Object(Config\Cache), false)
#4 /Users/zerapie/Documents/GitHub/projet-codeigniter/public/index.php(44): CodeIgniter\CodeIgniter->run()
#5 {main}
CRITICAL - 2021-03-03 06:48:10 --> syntax error, unexpected token "public"
#0 /Users/zerapie/Documents/GitHub/projet-codeigniter/system/Router/Router.php(170): CodeIgniter\Router\Router->autoRoute('login')
#1 /Users/zerapie/Documents/GitHub/projet-codeigniter/system/CodeIgniter.php(816): CodeIgniter\Router\Router->handle('login')
#2 /Users/zerapie/Documents/GitHub/projet-codeigniter/system/CodeIgniter.php(385): CodeIgniter\CodeIgniter->tryToRouteIt(Object(CodeIgniter\Router\RouteCollection))
#3 /Users/zerapie/Documents/GitHub/projet-codeigniter/system/CodeIgniter.php(333): CodeIgniter\CodeIgniter->handleRequest(NULL, Object(Config\Cache), false)
#4 /Users/zerapie/Documents/GitHub/projet-codeigniter/public/index.php(44): CodeIgniter\CodeIgniter->run()
#5 {main}
CRITICAL - 2021-03-03 06:53:33 --> syntax error, unexpected token "public"
#0 /Users/zerapie/Documents/GitHub/projet-codeigniter/system/Router/Router.php(170): CodeIgniter\Router\Router->autoRoute('login')
#1 /Users/zerapie/Documents/GitHub/projet-codeigniter/system/CodeIgniter.php(816): CodeIgniter\Router\Router->handle('login')
#2 /Users/zerapie/Documents/GitHub/projet-codeigniter/system/CodeIgniter.php(385): CodeIgniter\CodeIgniter->tryToRouteIt(Object(CodeIgniter\Router\RouteCollection))
#3 /Users/zerapie/Documents/GitHub/projet-codeigniter/system/CodeIgniter.php(333): CodeIgniter\CodeIgniter->handleRequest(NULL, Object(Config\Cache), false)
#4 /Users/zerapie/Documents/GitHub/projet-codeigniter/public/index.php(44): CodeIgniter\CodeIgniter->run()
#5 {main}
CRITICAL - 2021-03-03 06:53:35 --> Call to undefined function set_value()
#0 /Users/zerapie/Documents/GitHub/projet-codeigniter/system/View/View.php(220): include()
#1 /Users/zerapie/Documents/GitHub/projet-codeigniter/system/View/View.php(222): CodeIgniter\View\View->CodeIgniter\View\{closure}()
#2 /Users/zerapie/Documents/GitHub/projet-codeigniter/system/Common.php(1217): CodeIgniter\View\View->render('register', Array, true)
#3 /Users/zerapie/Documents/GitHub/projet-codeigniter/app/Controllers/Register.php(60): view('register', Array)
#4 /Users/zerapie/Documents/GitHub/projet-codeigniter/app/Controllers/Register.php(19): App\Controllers\Register->afficheRegister('Register \xC3\xA0 www...', false)
#5 /Users/zerapie/Documents/GitHub/projet-codeigniter/system/CodeIgniter.php(936): App\Controllers\Register->index()
#6 /Users/zerapie/Documents/GitHub/projet-codeigniter/system/CodeIgniter.php(432): CodeIgniter\CodeIgniter->runController(Object(App\Controllers\Register))
#7 /Users/zerapie/Documents/GitHub/projet-codeigniter/system/CodeIgniter.php(333): CodeIgniter\CodeIgniter->handleRequest(NULL, Object(Config\Cache), false)
#8 /Users/zerapie/Documents/GitHub/projet-codeigniter/public/index.php(44): CodeIgniter\CodeIgniter->run()
#9 {main}
CRITICAL - 2021-03-03 06:54:32 --> Call to undefined function set_value()
#0 /Users/zerapie/Documents/GitHub/projet-codeigniter/system/View/View.php(220): include()
#1 /Users/zerapie/Documents/GitHub/projet-codeigniter/system/View/View.php(222): CodeIgniter\View\View->CodeIgniter\View\{closure}()
#2 /Users/zerapie/Documents/GitHub/projet-codeigniter/system/Common.php(1217): CodeIgniter\View\View->render('register', Array, true)
#3 /Users/zerapie/Documents/GitHub/projet-codeigniter/app/Controllers/Register.php(60): view('register', Array)
#4 /Users/zerapie/Documents/GitHub/projet-codeigniter/app/Controllers/Register.php(19): App\Controllers\Register->afficheRegister('Register \xC3\xA0 www...', false)
#5 /Users/zerapie/Documents/GitHub/projet-codeigniter/system/CodeIgniter.php(936): App\Controllers\Register->index()
#6 /Users/zerapie/Documents/GitHub/projet-codeigniter/system/CodeIgniter.php(432): CodeIgniter\CodeIgniter->runController(Object(App\Controllers\Register))
#7 /Users/zerapie/Documents/GitHub/projet-codeigniter/system/CodeIgniter.php(333): CodeIgniter\CodeIgniter->handleRequest(NULL, Object(Config\Cache), false)
#8 /Users/zerapie/Documents/GitHub/projet-codeigniter/public/index.php(44): CodeIgniter\CodeIgniter->run()
#9 {main}
CRITICAL - 2021-03-03 06:54:36 --> Call to undefined function set_value()
#0 /Users/zerapie/Documents/GitHub/projet-codeigniter/system/View/View.php(220): include()
#1 /Users/zerapie/Documents/GitHub/projet-codeigniter/system/View/View.php(222): CodeIgniter\View\View->CodeIgniter\View\{closure}()
#2 /Users/zerapie/Documents/GitHub/projet-codeigniter/system/Common.php(1217): CodeIgniter\View\View->render('register', Array, true)
#3 /Users/zerapie/Documents/GitHub/projet-codeigniter/app/Controllers/Register.php(60): view('register', Array)
#4 /Users/zerapie/Documents/GitHub/projet-codeigniter/app/Controllers/Register.php(19): App\Controllers\Register->afficheRegister('Register \xC3\xA0 www...', false)
#5 /Users/zerapie/Documents/GitHub/projet-codeigniter/system/CodeIgniter.php(936): App\Controllers\Register->index()
#6 /Users/zerapie/Documents/GitHub/projet-codeigniter/system/CodeIgniter.php(432): CodeIgniter\CodeIgniter->runController(Object(App\Controllers\Register))
#7 /Users/zerapie/Documents/GitHub/projet-codeigniter/system/CodeIgniter.php(333): CodeIgniter\CodeIgniter->handleRequest(NULL, Object(Config\Cache), false)
#8 /Users/zerapie/Documents/GitHub/projet-codeigniter/public/index.php(44): CodeIgniter\CodeIgniter->run()
#9 {main}
CRITICAL - 2021-03-03 06:59:19 --> syntax error, unexpected token "public"
#0 /Users/zerapie/Documents/GitHub/projet-codeigniter/system/Router/Router.php(170): CodeIgniter\Router\Router->autoRoute('login')
#1 /Users/zerapie/Documents/GitHub/projet-codeigniter/system/CodeIgniter.php(816): CodeIgniter\Router\Router->handle('login')
#2 /Users/zerapie/Documents/GitHub/projet-codeigniter/system/CodeIgniter.php(385): CodeIgniter\CodeIgniter->tryToRouteIt(Object(CodeIgniter\Router\RouteCollection))
#3 /Users/zerapie/Documents/GitHub/projet-codeigniter/system/CodeIgniter.php(333): CodeIgniter\CodeIgniter->handleRequest(NULL, Object(Config\Cache), false)
#4 /Users/zerapie/Documents/GitHub/projet-codeigniter/public/index.php(44): CodeIgniter\CodeIgniter->run()
#5 {main}
CRITICAL - 2021-03-03 07:14:57 --> syntax error, unexpected token "public"
#0 /Users/zerapie/Documents/GitHub/projet-codeigniter/system/Router/Router.php(170): CodeIgniter\Router\Router->autoRoute('login')
#1 /Users/zerapie/Documents/GitHub/projet-codeigniter/system/CodeIgniter.php(816): CodeIgniter\Router\Router->handle('login')
#2 /Users/zerapie/Documents/GitHub/projet-codeigniter/system/CodeIgniter.php(385): CodeIgniter\CodeIgniter->tryToRouteIt(Object(CodeIgniter\Router\RouteCollection))
#3 /Users/zerapie/Documents/GitHub/projet-codeigniter/system/CodeIgniter.php(333): CodeIgniter\CodeIgniter->handleRequest(NULL, Object(Config\Cache), false)
#4 /Users/zerapie/Documents/GitHub/projet-codeigniter/public/index.php(44): CodeIgniter\CodeIgniter->run()
#5 {main}
CRITICAL - 2021-03-03 07:15:00 --> syntax error, unexpected token "public"
#0 /Users/zerapie/Documents/GitHub/projet-codeigniter/system/Router/Router.php(170): CodeIgniter\Router\Router->autoRoute('login')
#1 /Users/zerapie/Documents/GitHub/projet-codeigniter/system/CodeIgniter.php(816): CodeIgniter\Router\Router->handle('login')
#2 /Users/zerapie/Documents/GitHub/projet-codeigniter/system/CodeIgniter.php(385): CodeIgniter\CodeIgniter->tryToRouteIt(Object(CodeIgniter\Router\RouteCollection))
#3 /Users/zerapie/Documents/GitHub/projet-codeigniter/system/CodeIgniter.php(333): CodeIgniter\CodeIgniter->handleRequest(NULL, Object(Config\Cache), false)
#4 /Users/zerapie/Documents/GitHub/projet-codeigniter/public/index.php(44): CodeIgniter\CodeIgniter->run()
#5 {main}
CRITICAL - 2021-03-03 07:25:29 --> syntax error, unexpected token "public"
#0 /Users/zerapie/Documents/GitHub/projet-codeigniter/system/Router/Router.php(170): CodeIgniter\Router\Router->autoRoute('login')
#1 /Users/zerapie/Documents/GitHub/projet-codeigniter/system/CodeIgniter.php(816): CodeIgniter\Router\Router->handle('login')
#2 /Users/zerapie/Documents/GitHub/projet-codeigniter/system/CodeIgniter.php(385): CodeIgniter\CodeIgniter->tryToRouteIt(Object(CodeIgniter\Router\RouteCollection))
#3 /Users/zerapie/Documents/GitHub/projet-codeigniter/system/CodeIgniter.php(333): CodeIgniter\CodeIgniter->handleRequest(NULL, Object(Config\Cache), false)
#4 /Users/zerapie/Documents/GitHub/projet-codeigniter/public/index.php(44): CodeIgniter\CodeIgniter->run()
#5 {main}
CRITICAL - 2021-03-03 07:34:00 --> Undefined property: App\Controllers\Login::$requeste
#0 /Users/zerapie/Documents/GitHub/projet-codeigniter/app/Controllers/Login.php(44): CodeIgniter\Debug\Exceptions->errorHandler(2, 'Undefined prope...', '/Users/zerapie/...', 44)
#1 /Users/zerapie/Documents/GitHub/projet-codeigniter/system/CodeIgniter.php(936): App\Controllers\Login->connection()
#2 /Users/zerapie/Documents/GitHub/projet-codeigniter/system/CodeIgniter.php(432): CodeIgniter\CodeIgniter->runController(Object(App\Controllers\Login))
#3 /Users/zerapie/Documents/GitHub/projet-codeigniter/system/CodeIgniter.php(333): CodeIgniter\CodeIgniter->handleRequest(NULL, Object(Config\Cache), false)
#4 /Users/zerapie/Documents/GitHub/projet-codeigniter/public/index.php(44): CodeIgniter\CodeIgniter->run()
#5 {main}
CRITICAL - 2021-03-03 07:35:07 --> Undefined property: App\Controllers\Login::$requeste
#0 /Users/zerapie/Documents/GitHub/projet-codeigniter/app/Controllers/Login.php(44): CodeIgniter\Debug\Exceptions->errorHandler(2, 'Undefined prope...', '/Users/zerapie/...', 44)
#1 /Users/zerapie/Documents/GitHub/projet-codeigniter/system/CodeIgniter.php(936): App\Controllers\Login->connection()
#2 /Users/zerapie/Documents/GitHub/projet-codeigniter/system/CodeIgniter.php(432): CodeIgniter\CodeIgniter->runController(Object(App\Controllers\Login))
#3 /Users/zerapie/Documents/GitHub/projet-codeigniter/system/CodeIgniter.php(333): CodeIgniter\CodeIgniter->handleRequest(NULL, Object(Config\Cache), false)
#4 /Users/zerapie/Documents/GitHub/projet-codeigniter/public/index.php(44): CodeIgniter\CodeIgniter->run()
#5 {main}
CRITICAL - 2021-03-03 07:48:14 --> Undefined property: App\Controllers\Login::$requeste
#0 /Users/zerapie/Documents/GitHub/projet-codeigniter/app/Controllers/Login.php(44): CodeIgniter\Debug\Exceptions->errorHandler(2, 'Undefined prope...', '/Users/zerapie/...', 44)
#1 /Users/zerapie/Documents/GitHub/projet-codeigniter/system/CodeIgniter.php(936): App\Controllers\Login->connection()
#2 /Users/zerapie/Documents/GitHub/projet-codeigniter/system/CodeIgniter.php(432): CodeIgniter\CodeIgniter->runController(Object(App\Controllers\Login))
#3 /Users/zerapie/Documents/GitHub/projet-codeigniter/system/CodeIgniter.php(333): CodeIgniter\CodeIgniter->handleRequest(NULL, Object(Config\Cache), false)
#4 /Users/zerapie/Documents/GitHub/projet-codeigniter/public/index.php(44): CodeIgniter\CodeIgniter->run()
#5 {main}
CRITICAL - 2021-03-03 07:51:26 --> Undefined property: App\Controllers\Login::$requeste
#0 /Users/zerapie/Documents/GitHub/projet-codeigniter/app/Controllers/Login.php(44): CodeIgniter\Debug\Exceptions->errorHandler(2, 'Undefined prope...', '/Users/zerapie/...', 44)
#1 /Users/zerapie/Documents/GitHub/projet-codeigniter/system/CodeIgniter.php(936): App\Controllers\Login->connection()
#2 /Users/zerapie/Documents/GitHub/projet-codeigniter/system/CodeIgniter.php(432): CodeIgniter\CodeIgniter->runController(Object(App\Controllers\Login))
#3 /Users/zerapie/Documents/GitHub/projet-codeigniter/system/CodeIgniter.php(333): CodeIgniter\CodeIgniter->handleRequest(NULL, Object(Config\Cache), false)
#4 /Users/zerapie/Documents/GitHub/projet-codeigniter/public/index.php(44): CodeIgniter\CodeIgniter->run()
#5 {main}
CRITICAL - 2021-03-03 07:52:04 --> Undefined property: App\Controllers\Login::$requeste
#0 /Users/zerapie/Documents/GitHub/projet-codeigniter/app/Controllers/Login.php(44): CodeIgniter\Debug\Exceptions->errorHandler(2, 'Undefined prope...', '/Users/zerapie/...', 44)
#1 /Users/zerapie/Documents/GitHub/projet-codeigniter/system/CodeIgniter.php(936): App\Controllers\Login->connection()
#2 /Users/zerapie/Documents/GitHub/projet-codeigniter/system/CodeIgniter.php(432): CodeIgniter\CodeIgniter->runController(Object(App\Controllers\Login))
#3 /Users/zerapie/Documents/GitHub/projet-codeigniter/system/CodeIgniter.php(333): CodeIgniter\CodeIgniter->handleRequest(NULL, Object(Config\Cache), false)
#4 /Users/zerapie/Documents/GitHub/projet-codeigniter/public/index.php(44): CodeIgniter\CodeIgniter->run()
#5 {main}
CRITICAL - 2021-03-03 07:57:16 --> Undefined property: App\Controllers\Login::$requeste
#0 /Users/zerapie/Documents/GitHub/projet-codeigniter/app/Controllers/Login.php(44): CodeIgniter\Debug\Exceptions->errorHandler(2, 'Undefined prope...', '/Users/zerapie/...', 44)
#1 /Users/zerapie/Documents/GitHub/projet-codeigniter/system/CodeIgniter.php(936): App\Controllers\Login->connection()
#2 /Users/zerapie/Documents/GitHub/projet-codeigniter/system/CodeIgniter.php(432): CodeIgniter\CodeIgniter->runController(Object(App\Controllers\Login))
#3 /Users/zerapie/Documents/GitHub/projet-codeigniter/system/CodeIgniter.php(333): CodeIgniter\CodeIgniter->handleRequest(NULL, Object(Config\Cache), false)
#4 /Users/zerapie/Documents/GitHub/projet-codeigniter/public/index.php(44): CodeIgniter\CodeIgniter->run()
#5 {main}
CRITICAL - 2021-03-03 07:59:53 --> Undefined property: App\Controllers\Login::$requeste
#0 /Users/zerapie/Documents/GitHub/projet-codeigniter/app/Controllers/Login.php(44): CodeIgniter\Debug\Exceptions->errorHandler(2, 'Undefined prope...', '/Users/zerapie/...', 44)
#1 /Users/zerapie/Documents/GitHub/projet-codeigniter/system/CodeIgniter.php(936): App\Controllers\Login->connection()
#2 /Users/zerapie/Documents/GitHub/projet-codeigniter/system/CodeIgniter.php(432): CodeIgniter\CodeIgniter->runController(Object(App\Controllers\Login))
#3 /Users/zerapie/Documents/GitHub/projet-codeigniter/system/CodeIgniter.php(333): CodeIgniter\CodeIgniter->handleRequest(NULL, Object(Config\Cache), false)
#4 /Users/zerapie/Documents/GitHub/projet-codeigniter/public/index.php(44): CodeIgniter\CodeIgniter->run()
#5 {main}
CRITICAL - 2021-03-03 08:01:19 --> Undefined property: App\Controllers\Login::$requeste
#0 /Users/zerapie/Documents/GitHub/projet-codeigniter/app/Controllers/Login.php(44): CodeIgniter\Debug\Exceptions->errorHandler(2, 'Undefined prope...', '/Users/zerapie/...', 44)
#1 /Users/zerapie/Documents/GitHub/projet-codeigniter/system/CodeIgniter.php(936): App\Controllers\Login->connection()
#2 /Users/zerapie/Documents/GitHub/projet-codeigniter/system/CodeIgniter.php(432): CodeIgniter\CodeIgniter->runController(Object(App\Controllers\Login))
#3 /Users/zerapie/Documents/GitHub/projet-codeigniter/system/CodeIgniter.php(333): CodeIgniter\CodeIgniter->handleRequest(NULL, Object(Config\Cache), false)
#4 /Users/zerapie/Documents/GitHub/projet-codeigniter/public/index.php(44): CodeIgniter\CodeIgniter->run()
#5 {main}
CRITICAL - 2021-03-03 08:01:56 --> Undefined property: App\Controllers\Login::$requeste
#0 /Users/zerapie/Documents/GitHub/projet-codeigniter/app/Controllers/Login.php(39): CodeIgniter\Debug\Exceptions->errorHandler(2, 'Undefined prope...', '/Users/zerapie/...', 39)
#1 /Users/zerapie/Documents/GitHub/projet-codeigniter/system/CodeIgniter.php(936): App\Controllers\Login->connection()
#2 /Users/zerapie/Documents/GitHub/projet-codeigniter/system/CodeIgniter.php(432): CodeIgniter\CodeIgniter->runController(Object(App\Controllers\Login))
#3 /Users/zerapie/Documents/GitHub/projet-codeigniter/system/CodeIgniter.php(333): CodeIgniter\CodeIgniter->handleRequest(NULL, Object(Config\Cache), false)
#4 /Users/zerapie/Documents/GitHub/projet-codeigniter/public/index.php(44): CodeIgniter\CodeIgniter->run()
#5 {main}
CRITICAL - 2021-03-03 08:03:37 --> Undefined property: App\Controllers\Login::$requeste
#0 /Users/zerapie/Documents/GitHub/projet-codeigniter/app/Controllers/Login.php(34): CodeIgniter\Debug\Exceptions->errorHandler(2, 'Undefined prope...', '/Users/zerapie/...', 34)
#1 /Users/zerapie/Documents/GitHub/projet-codeigniter/system/CodeIgniter.php(936): App\Controllers\Login->connection()
#2 /Users/zerapie/Documents/GitHub/projet-codeigniter/system/CodeIgniter.php(432): CodeIgniter\CodeIgniter->runController(Object(App\Controllers\Login))
#3 /Users/zerapie/Documents/GitHub/projet-codeigniter/system/CodeIgniter.php(333): CodeIgniter\CodeIgniter->handleRequest(NULL, Object(Config\Cache), false)
#4 /Users/zerapie/Documents/GitHub/projet-codeigniter/public/index.php(44): CodeIgniter\CodeIgniter->run()
#5 {main}
CRITICAL - 2021-03-03 08:06:23 --> Undefined array key "userID"
#0 /Users/zerapie/Documents/GitHub/projet-codeigniter/app/Controllers/Login.php(41): CodeIgniter\Debug\Exceptions->errorHandler(2, 'Undefined array...', '/Users/zerapie/...', 41)
#1 /Users/zerapie/Documents/GitHub/projet-codeigniter/system/CodeIgniter.php(936): App\Controllers\Login->connection()
#2 /Users/zerapie/Documents/GitHub/projet-codeigniter/system/CodeIgniter.php(432): CodeIgniter\CodeIgniter->runController(Object(App\Controllers\Login))
#3 /Users/zerapie/Documents/GitHub/projet-codeigniter/system/CodeIgniter.php(333): CodeIgniter\CodeIgniter->handleRequest(NULL, Object(Config\Cache), false)
#4 /Users/zerapie/Documents/GitHub/projet-codeigniter/public/index.php(44): CodeIgniter\CodeIgniter->run()
#5 {main}
CRITICAL - 2021-03-03 08:07:26 --> Undefined array key "userId"
#0 /Users/zerapie/Documents/GitHub/projet-codeigniter/app/Controllers/Login.php(41): CodeIgniter\Debug\Exceptions->errorHandler(2, 'Undefined array...', '/Users/zerapie/...', 41)
#1 /Users/zerapie/Documents/GitHub/projet-codeigniter/system/CodeIgniter.php(936): App\Controllers\Login->connection()
#2 /Users/zerapie/Documents/GitHub/projet-codeigniter/system/CodeIgniter.php(432): CodeIgniter\CodeIgniter->runController(Object(App\Controllers\Login))
#3 /Users/zerapie/Documents/GitHub/projet-codeigniter/system/CodeIgniter.php(333): CodeIgniter\CodeIgniter->handleRequest(NULL, Object(Config\Cache), false)
#4 /Users/zerapie/Documents/GitHub/projet-codeigniter/public/index.php(44): CodeIgniter\CodeIgniter->run()
#5 {main}
CRITICAL - 2021-03-03 08:08:38 --> Undefined array key "userId"
#0 /Users/zerapie/Documents/GitHub/projet-codeigniter/app/Controllers/Login.php(41): CodeIgniter\Debug\Exceptions->errorHandler(2, 'Undefined array...', '/Users/zerapie/...', 41)
#1 /Users/zerapie/Documents/GitHub/projet-codeigniter/system/CodeIgniter.php(936): App\Controllers\Login->connection()
#2 /Users/zerapie/Documents/GitHub/projet-codeigniter/system/CodeIgniter.php(432): CodeIgniter\CodeIgniter->runController(Object(App\Controllers\Login))
#3 /Users/zerapie/Documents/GitHub/projet-codeigniter/system/CodeIgniter.php(333): CodeIgniter\CodeIgniter->handleRequest(NULL, Object(Config\Cache), false)
#4 /Users/zerapie/Documents/GitHub/projet-codeigniter/public/index.php(44): CodeIgniter\CodeIgniter->run()
#5 {main}
CRITICAL - 2021-03-03 08:09:14 --> Undefined array key "userId"
#0 /Users/zerapie/Documents/GitHub/projet-codeigniter/app/Controllers/Login.php(41): CodeIgniter\Debug\Exceptions->errorHandler(2, 'Undefined array...', '/Users/zerapie/...', 41)
#1 /Users/zerapie/Documents/GitHub/projet-codeigniter/system/CodeIgniter.php(936): App\Controllers\Login->connection()
#2 /Users/zerapie/Documents/GitHub/projet-codeigniter/system/CodeIgniter.php(432): CodeIgniter\CodeIgniter->runController(Object(App\Controllers\Login))
#3 /Users/zerapie/Documents/GitHub/projet-codeigniter/system/CodeIgniter.php(333): CodeIgniter\CodeIgniter->handleRequest(NULL, Object(Config\Cache), false)
#4 /Users/zerapie/Documents/GitHub/projet-codeigniter/public/index.php(44): CodeIgniter\CodeIgniter->run()
#5 {main}
CRITICAL - 2021-03-03 08:09:51 --> Undefined array key "userId"
#0 /Users/zerapie/Documents/GitHub/projet-codeigniter/app/Controllers/Login.php(41): CodeIgniter\Debug\Exceptions->errorHandler(2, 'Undefined array...', '/Users/zerapie/...', 41)
#1 /Users/zerapie/Documents/GitHub/projet-codeigniter/system/CodeIgniter.php(936): App\Controllers\Login->connection()
#2 /Users/zerapie/Documents/GitHub/projet-codeigniter/system/CodeIgniter.php(432): CodeIgniter\CodeIgniter->runController(Object(App\Controllers\Login))
#3 /Users/zerapie/Documents/GitHub/projet-codeigniter/system/CodeIgniter.php(333): CodeIgniter\CodeIgniter->handleRequest(NULL, Object(Config\Cache), false)
#4 /Users/zerapie/Documents/GitHub/projet-codeigniter/public/index.php(44): CodeIgniter\CodeIgniter->run()
#5 {main}
CRITICAL - 2021-03-03 08:11:42 --> Undefined array key "password"
#0 /Users/zerapie/Documents/GitHub/projet-codeigniter/app/Controllers/Login.php(34): CodeIgniter\Debug\Exceptions->errorHandler(2, 'Undefined array...', '/Users/zerapie/...', 34)
#1 /Users/zerapie/Documents/GitHub/projet-codeigniter/system/CodeIgniter.php(936): App\Controllers\Login->connection()
#2 /Users/zerapie/Documents/GitHub/projet-codeigniter/system/CodeIgniter.php(432): CodeIgniter\CodeIgniter->runController(Object(App\Controllers\Login))
#3 /Users/zerapie/Documents/GitHub/projet-codeigniter/system/CodeIgniter.php(333): CodeIgniter\CodeIgniter->handleRequest(NULL, Object(Config\Cache), false)
#4 /Users/zerapie/Documents/GitHub/projet-codeigniter/public/index.php(44): CodeIgniter\CodeIgniter->run()
#5 {main}
CRITICAL - 2021-03-03 08:12:05 --> Undefined array key "email"
#0 /Users/zerapie/Documents/GitHub/projet-codeigniter/app/Controllers/Login.php(34): CodeIgniter\Debug\Exceptions->errorHandler(2, 'Undefined array...', '/Users/zerapie/...', 34)
#1 /Users/zerapie/Documents/GitHub/projet-codeigniter/system/CodeIgniter.php(936): App\Controllers\Login->connection()
#2 /Users/zerapie/Documents/GitHub/projet-codeigniter/system/CodeIgniter.php(432): CodeIgniter\CodeIgniter->runController(Object(App\Controllers\Login))
#3 /Users/zerapie/Documents/GitHub/projet-codeigniter/system/CodeIgniter.php(333): CodeIgniter\CodeIgniter->handleRequest(NULL, Object(Config\Cache), false)
#4 /Users/zerapie/Documents/GitHub/projet-codeigniter/public/index.php(44): CodeIgniter\CodeIgniter->run()
#5 {main}
CRITICAL - 2021-03-03 09:00:09 --> Class "config\Service" not found
#0 /Users/zerapie/Documents/GitHub/projet-codeigniter/system/CodeIgniter.php(908): App\Controllers\BaseController->__construct()
#1 /Users/zerapie/Documents/GitHub/projet-codeigniter/system/CodeIgniter.php(422): CodeIgniter\CodeIgniter->createController()
#2 /Users/zerapie/Documents/GitHub/projet-codeigniter/system/CodeIgniter.php(333): CodeIgniter\CodeIgniter->handleRequest(NULL, Object(Config\Cache), false)
#3 /Users/zerapie/Documents/GitHub/projet-codeigniter/public/index.php(44): CodeIgniter\CodeIgniter->run()
#4 {main}
CRITICAL - 2021-03-03 10:29:21 --> syntax error, unexpected token "return"
#0 /Users/zerapie/Documents/GitHub/projet-codeigniter/system/Router/Router.php(170): CodeIgniter\Router\Router->autoRoute('Admin/Accueil')
#1 /Users/zerapie/Documents/GitHub/projet-codeigniter/system/CodeIgniter.php(816): CodeIgniter\Router\Router->handle('Admin/Accueil')
#2 /Users/zerapie/Documents/GitHub/projet-codeigniter/system/CodeIgniter.php(385): CodeIgniter\CodeIgniter->tryToRouteIt(Object(CodeIgniter\Router\RouteCollection))
#3 /Users/zerapie/Documents/GitHub/projet-codeigniter/system/CodeIgniter.php(333): CodeIgniter\CodeIgniter->handleRequest(NULL, Object(Config\Cache), false)
#4 /Users/zerapie/Documents/GitHub/projet-codeigniter/public/index.php(44): CodeIgniter\CodeIgniter->run()
#5 {main}
CRITICAL - 2021-03-03 10:43:03 --> syntax error, unexpected token ")"
#0 /Users/zerapie/Documents/GitHub/projet-codeigniter/system/Router/Router.php(170): CodeIgniter\Router\Router->autoRoute('Admin/Accueil')
#1 /Users/zerapie/Documents/GitHub/projet-codeigniter/system/CodeIgniter.php(816): CodeIgniter\Router\Router->handle('Admin/Accueil')
#2 /Users/zerapie/Documents/GitHub/projet-codeigniter/system/CodeIgniter.php(385): CodeIgniter\CodeIgniter->tryToRouteIt(Object(CodeIgniter\Router\RouteCollection))
#3 /Users/zerapie/Documents/GitHub/projet-codeigniter/system/CodeIgniter.php(333): CodeIgniter\CodeIgniter->handleRequest(NULL, Object(Config\Cache), false)
#4 /Users/zerapie/Documents/GitHub/projet-codeigniter/public/index.php(44): CodeIgniter\CodeIgniter->run()
#5 {main}
